INFO:django.utils.autoreload:C:\Users\Admin\Desktop\Project\Albanero-Django\App\views.py changed, reloading.
INFO:django.utils.autoreload:C:\Users\Admin\Desktop\Project\Albanero-Django\App\views.py changed, reloading.
INFO:django.utils.autoreload:C:\Users\Admin\Desktop\Project\Albanero-Django\App\views.py changed, reloading.
INFO:django.utils.autoreload:C:\Users\Admin\Desktop\Project\Albanero-Django\App\views.py changed, reloading.
INFO:django.utils.autoreload:C:\Users\Admin\Desktop\Project\Albanero-Django\App\views.py changed, reloading.
INFO:django.utils.autoreload:C:\Users\Admin\Desktop\Project\Albanero-Django\App\views.py changed, reloading.
INFO:django.utils.autoreload:C:\Users\Admin\Desktop\Project\Albanero-Django\App\views.py changed, reloading.
INFO:django.utils.autoreload:C:\Users\Admin\Desktop\Project\Albanero-Django\App\views.py changed, reloading.
INFO:django.utils.autoreload:C:\Users\Admin\Desktop\Project\Albanero-Django\App\views.py changed, reloading.
INFO:django.utils.autoreload:C:\Users\Admin\Desktop\Project\Albanero-Django\App\views.py changed, reloading.
INFO:root:Student
INFO:django.utils.autoreload:C:\Users\Admin\Desktop\Project\Albanero-Django\App\views.py changed, reloading.
INFO:root: new Student
INFO:django.utils.autoreload:C:\Users\Admin\Desktop\Project\Albanero-Django\App\views.py changed, reloading.
INFO:root: new Student is created suce
INFO:django.utils.autoreload:C:\Users\Admin\Desktop\Project\Albanero-Django\App\views.py changed, reloading.
INFO:root: new Student is created sucessfully...
INFO:root: new Student is created sucessfully...
WARNING:django.request:Method Not Allowed: /api/users
INFO:django.utils.autoreload:C:\Users\Admin\Desktop\Project\Albanero-Django\App\urls.py changed, reloading.
INFO:django.utils.autoreload:C:\Users\Admin\Desktop\Project\Albanero-Django\App\urls.py changed, reloading.
INFO:root: new Student is created sucessfully...
INFO:root: new Student is created sucessfully...
WARNING:django.request:Not Found: /createuser
INFO:django.utils.autoreload:C:\Users\Admin\Desktop\Project\Albanero-Django\App\urls.py changed, reloading.
INFO:django.utils.autoreload:C:\Users\Admin\Desktop\Project\Albanero-Django\App\urls.py changed, reloading.
INFO:root: new Student is created sucessfully...
INFO:django.utils.autoreload:C:\Users\Admin\Desktop\Project\Albanero-Django\App\views.py changed, reloading.
INFO:django.utils.autoreload:C:\Users\Admin\Desktop\Project\Albanero-Django\App\views.py changed, reloading.
INFO:root: new Student is created sucessfully...
INFO:django.utils.autoreload:C:\Users\Admin\Desktop\Project\Albanero-Django\App\views.py changed, reloading.
INFO:root: new Student is created sucessfully...
WARNING:django.request:Bad Request: /createuser
INFO:django.utils.autoreload:C:\Users\Admin\Desktop\Project\Albanero-Django\App\views.py changed, reloading.
INFO:root: new Student is created sucessfully...
INFO:root: new Student is created sucessfully...
WARNING:django.request:Bad Request: /createuser
INFO:django.utils.autoreload:C:\Users\Admin\Desktop\Project\Albanero-Django\App\views.py changed, reloading.
INFO:root: new Student is created sucessfully...
WARNING:django.request:Bad Request: /createuser
WARNING:django.request:Bad Request: /createuser
INFO:django.utils.autoreload:C:\Users\Admin\Desktop\Project\Albanero-Django\App\views.py changed, reloading.
INFO:root: new Student is created sucessfully...
INFO:django.utils.autoreload:C:\Users\Admin\Desktop\Project\Albanero-Django\App\views.py changed, reloading.
INFO:root: new Student is created sucessfully...
WARNING:django.request:Not Found: /api/user
INFO:django.utils.autoreload:C:\Users\Admin\Desktop\Project\Albanero-Django\App\views.py changed, reloading.
INFO:root: new Student is created sucessfully...
INFO:root: new Student is created sucessfully...
ERROR:django.request:Internal Server Error: /api/users/1
Traceback (most recent call last):
  File "C:\Users\Admin\Desktop\Project\Albanero-Django\venv\lib\site-packages\rest_framework\request.py", line 416, in __getattr__
    return getattr(self._request, attr)
AttributeError: 'WSGIRequest' object has no attribute 'student'

During handling of the above exception, another exception occurred:

Traceback (most recent call last):
  File "C:\Users\Admin\Desktop\Project\Albanero-Django\venv\lib\site-packages\django\core\handlers\exception.py", line 47, in inner
    response = get_response(request)
  File "C:\Users\Admin\Desktop\Project\Albanero-Django\venv\lib\site-packages\django\core\handlers\base.py", line 181, in _get_response
    response = wrapped_callback(request, *callback_args, **callback_kwargs)
  File "C:\Users\Admin\Desktop\Project\Albanero-Django\venv\lib\site-packages\django\views\decorators\csrf.py", line 54, in wrapped_view
    return view_func(*args, **kwargs)
  File "C:\Users\Admin\Desktop\Project\Albanero-Django\venv\lib\site-packages\django\views\generic\base.py", line 70, in view
    return self.dispatch(request, *args, **kwargs)
  File "C:\Users\Admin\Desktop\Project\Albanero-Django\venv\lib\site-packages\rest_framework\views.py", line 509, in dispatch
    response = self.handle_exception(exc)
  File "C:\Users\Admin\Desktop\Project\Albanero-Django\venv\lib\site-packages\rest_framework\views.py", line 469, in handle_exception
    self.raise_uncaught_exception(exc)
  File "C:\Users\Admin\Desktop\Project\Albanero-Django\venv\lib\site-packages\rest_framework\views.py", line 480, in raise_uncaught_exception
    raise exc
  File "C:\Users\Admin\Desktop\Project\Albanero-Django\venv\lib\site-packages\rest_framework\views.py", line 506, in dispatch
    response = handler(request, *args, **kwargs)
  File "C:\Users\Admin\Desktop\Project\Albanero-Django\venv\lib\site-packages\rest_framework_mongoengine\generics.py", line 80, in get
    return self.retrieve(request, *args, **kwargs)
  File "C:\Users\Admin\Desktop\Project\Albanero-Django\venv\lib\site-packages\rest_framework\mixins.py", line 54, in retrieve
    instance = self.get_object()
  File "C:\Users\Admin\Desktop\Project\Albanero-Django\venv\lib\site-packages\rest_framework_mongoengine\generics.py", line 31, in get_object
    queryset = self.filter_queryset(self.get_queryset())
  File "C:\Users\Admin\Desktop\Project\Albanero-Django\App\views.py", line 43, in get_queryset
    student = self.request.student
  File "C:\Users\Admin\Desktop\Project\Albanero-Django\venv\lib\site-packages\rest_framework\request.py", line 418, in __getattr__
    return self.__getattribute__(attr)
AttributeError: 'Request' object has no attribute 'student'
INFO:django.utils.autoreload:C:\Users\Admin\Desktop\Project\Albanero-Django\App\views.py changed, reloading.
INFO:root: new Student is created sucessfully...
INFO:django.utils.autoreload:C:\Users\Admin\Desktop\Project\Albanero-Django\App\views.py changed, reloading.
INFO:root: new Student is created sucessfully...
ERROR:django.request:Internal Server Error: /api/users/1
Traceback (most recent call last):
  File "C:\Users\Admin\Desktop\Project\Albanero-Django\venv\lib\site-packages\rest_framework\request.py", line 416, in __getattr__
    return getattr(self._request, attr)
AttributeError: 'WSGIRequest' object has no attribute 'studentId'

During handling of the above exception, another exception occurred:

Traceback (most recent call last):
  File "C:\Users\Admin\Desktop\Project\Albanero-Django\venv\lib\site-packages\django\core\handlers\exception.py", line 47, in inner
    response = get_response(request)
  File "C:\Users\Admin\Desktop\Project\Albanero-Django\venv\lib\site-packages\django\core\handlers\base.py", line 181, in _get_response
    response = wrapped_callback(request, *callback_args, **callback_kwargs)
  File "C:\Users\Admin\Desktop\Project\Albanero-Django\venv\lib\site-packages\django\views\decorators\csrf.py", line 54, in wrapped_view
    return view_func(*args, **kwargs)
  File "C:\Users\Admin\Desktop\Project\Albanero-Django\venv\lib\site-packages\django\views\generic\base.py", line 70, in view
    return self.dispatch(request, *args, **kwargs)
  File "C:\Users\Admin\Desktop\Project\Albanero-Django\venv\lib\site-packages\rest_framework\views.py", line 509, in dispatch
    response = self.handle_exception(exc)
  File "C:\Users\Admin\Desktop\Project\Albanero-Django\venv\lib\site-packages\rest_framework\views.py", line 469, in handle_exception
    self.raise_uncaught_exception(exc)
  File "C:\Users\Admin\Desktop\Project\Albanero-Django\venv\lib\site-packages\rest_framework\views.py", line 480, in raise_uncaught_exception
    raise exc
  File "C:\Users\Admin\Desktop\Project\Albanero-Django\venv\lib\site-packages\rest_framework\views.py", line 506, in dispatch
    response = handler(request, *args, **kwargs)
  File "C:\Users\Admin\Desktop\Project\Albanero-Django\venv\lib\site-packages\rest_framework_mongoengine\generics.py", line 80, in get
    return self.retrieve(request, *args, **kwargs)
  File "C:\Users\Admin\Desktop\Project\Albanero-Django\venv\lib\site-packages\rest_framework\mixins.py", line 54, in retrieve
    instance = self.get_object()
  File "C:\Users\Admin\Desktop\Project\Albanero-Django\venv\lib\site-packages\rest_framework_mongoengine\generics.py", line 31, in get_object
    queryset = self.filter_queryset(self.get_queryset())
  File "C:\Users\Admin\Desktop\Project\Albanero-Django\App\views.py", line 43, in get_queryset
    student = self.request.studentId
  File "C:\Users\Admin\Desktop\Project\Albanero-Django\venv\lib\site-packages\rest_framework\request.py", line 418, in __getattr__
    return self.__getattribute__(attr)
AttributeError: 'Request' object has no attribute 'studentId'
INFO:django.utils.autoreload:C:\Users\Admin\Desktop\Project\Albanero-Django\App\views.py changed, reloading.
INFO:root: new Student is created sucessfully...
INFO:django.utils.autoreload:C:\Users\Admin\Desktop\Project\Albanero-Django\App\views.py changed, reloading.
INFO:root: new Student is created sucessfully...
ERROR:django.request:Internal Server Error: /api/users/1
Traceback (most recent call last):
  File "C:\Users\Admin\Desktop\Project\Albanero-Django\venv\lib\site-packages\django\core\handlers\exception.py", line 47, in inner
    response = get_response(request)
  File "C:\Users\Admin\Desktop\Project\Albanero-Django\venv\lib\site-packages\django\core\handlers\base.py", line 181, in _get_response
    response = wrapped_callback(request, *callback_args, **callback_kwargs)
  File "C:\Users\Admin\Desktop\Project\Albanero-Django\venv\lib\site-packages\django\views\decorators\csrf.py", line 54, in wrapped_view
    return view_func(*args, **kwargs)
  File "C:\Users\Admin\Desktop\Project\Albanero-Django\venv\lib\site-packages\django\views\generic\base.py", line 70, in view
    return self.dispatch(request, *args, **kwargs)
  File "C:\Users\Admin\Desktop\Project\Albanero-Django\venv\lib\site-packages\rest_framework\views.py", line 509, in dispatch
    response = self.handle_exception(exc)
  File "C:\Users\Admin\Desktop\Project\Albanero-Django\venv\lib\site-packages\rest_framework\views.py", line 469, in handle_exception
    self.raise_uncaught_exception(exc)
  File "C:\Users\Admin\Desktop\Project\Albanero-Django\venv\lib\site-packages\rest_framework\views.py", line 480, in raise_uncaught_exception
    raise exc
  File "C:\Users\Admin\Desktop\Project\Albanero-Django\venv\lib\site-packages\rest_framework\views.py", line 506, in dispatch
    response = handler(request, *args, **kwargs)
  File "C:\Users\Admin\Desktop\Project\Albanero-Django\venv\lib\site-packages\rest_framework_mongoengine\generics.py", line 80, in get
    return self.retrieve(request, *args, **kwargs)
  File "C:\Users\Admin\Desktop\Project\Albanero-Django\venv\lib\site-packages\rest_framework\mixins.py", line 54, in retrieve
    instance = self.get_object()
  File "C:\Users\Admin\Desktop\Project\Albanero-Django\venv\lib\site-packages\rest_framework_mongoengine\generics.py", line 31, in get_object
    queryset = self.filter_queryset(self.get_queryset())
  File "C:\Users\Admin\Desktop\Project\Albanero-Django\App\views.py", line 43, in get_queryset
    student = self.request.data['studentId']
KeyError: 'studentId'
INFO:root: new Student is created sucessfully...
ERROR:django.request:Internal Server Error: /api/users/1
Traceback (most recent call last):
  File "C:\Users\Admin\Desktop\Project\Albanero-Django\venv\lib\site-packages\django\core\handlers\exception.py", line 47, in inner
    response = get_response(request)
  File "C:\Users\Admin\Desktop\Project\Albanero-Django\venv\lib\site-packages\django\core\handlers\base.py", line 181, in _get_response
    response = wrapped_callback(request, *callback_args, **callback_kwargs)
  File "C:\Users\Admin\Desktop\Project\Albanero-Django\venv\lib\site-packages\django\views\decorators\csrf.py", line 54, in wrapped_view
    return view_func(*args, **kwargs)
  File "C:\Users\Admin\Desktop\Project\Albanero-Django\venv\lib\site-packages\django\views\generic\base.py", line 70, in view
    return self.dispatch(request, *args, **kwargs)
  File "C:\Users\Admin\Desktop\Project\Albanero-Django\venv\lib\site-packages\rest_framework\views.py", line 509, in dispatch
    response = self.handle_exception(exc)
  File "C:\Users\Admin\Desktop\Project\Albanero-Django\venv\lib\site-packages\rest_framework\views.py", line 469, in handle_exception
    self.raise_uncaught_exception(exc)
  File "C:\Users\Admin\Desktop\Project\Albanero-Django\venv\lib\site-packages\rest_framework\views.py", line 480, in raise_uncaught_exception
    raise exc
  File "C:\Users\Admin\Desktop\Project\Albanero-Django\venv\lib\site-packages\rest_framework\views.py", line 506, in dispatch
    response = handler(request, *args, **kwargs)
  File "C:\Users\Admin\Desktop\Project\Albanero-Django\venv\lib\site-packages\rest_framework_mongoengine\generics.py", line 80, in get
    return self.retrieve(request, *args, **kwargs)
  File "C:\Users\Admin\Desktop\Project\Albanero-Django\venv\lib\site-packages\rest_framework\mixins.py", line 55, in retrieve
    serializer = self.get_serializer(instance)
  File "C:\Users\Admin\Desktop\Project\Albanero-Django\venv\lib\site-packages\rest_framework\generics.py", line 110, in get_serializer
    return serializer_class(*args, **kwargs)
TypeError: 'ListSerializer' object is not callable
INFO:django.utils.autoreload:C:\Users\Admin\Desktop\Project\Albanero-Django\App\views.py changed, reloading.
INFO:root: new Student is created sucessfully...
ERROR:root:Failed to retrieve document with the ID 12
INFO:django.utils.autoreload:C:\Users\Admin\Desktop\Project\Albanero-Django\App\views.py changed, reloading.
INFO:root: new Student is created sucessfully...
ERROR:root:Failed to retrieve document with the ID 12
INFO:django.utils.autoreload:C:\Users\Admin\Desktop\Project\Albanero-Django\App\views.py changed, reloading.
INFO:root: new Student is created sucessfully...
INFO:django.utils.autoreload:C:\Users\Admin\Desktop\Project\Albanero-Django\App\views.py changed, reloading.
INFO:root: new Student is created sucessfully...
ERROR:root:Failed to retrieve document with the ID 12
INFO:django.utils.autoreload:C:\Users\Admin\Desktop\Project\Albanero-Django\App\views.py changed, reloading.
INFO:root: new Student is created sucessfully...
ERROR:root:Failed to retrieve document with the ID 12
INFO:django.utils.autoreload:C:\Users\Admin\Desktop\Project\Albanero-Django\App\views.py changed, reloading.
INFO:root: new Student is created sucessfully...
INFO:django.utils.autoreload:C:\Users\Admin\Desktop\Project\Albanero-Django\App\views.py changed, reloading.
INFO:root: new Student is created sucessfully...
INFO:django.utils.autoreload:C:\Users\Admin\Desktop\Project\Albanero-Django\App\views.py changed, reloading.
INFO:root: new Student is created sucessfully...
INFO:django.utils.autoreload:C:\Users\Admin\Desktop\Project\Albanero-Django\App\views.py changed, reloading.
INFO:root: new Student is created sucessfully...
INFO:django.utils.autoreload:C:\Users\Admin\Desktop\Project\Albanero-Django\App\views.py changed, reloading.
INFO:root: new Student is created sucessfully...
INFO:django.utils.autoreload:C:\Users\Admin\Desktop\Project\Albanero-Django\App\views.py changed, reloading.
INFO:root: new Student is created sucessfully...
INFO:django.utils.autoreload:C:\Users\Admin\Desktop\Project\Albanero-Django\App\views.py changed, reloading.
INFO:root: new Student is created sucessfully...
INFO:django.utils.autoreload:C:\Users\Admin\Desktop\Project\Albanero-Django\App\views.py changed, reloading.
INFO:root: new Student is created sucessfully...
INFO:django.utils.autoreload:C:\Users\Admin\Desktop\Project\Albanero-Django\App\views.py changed, reloading.
INFO:root: new Student is created sucessfully...
INFO:django.utils.autoreload:C:\Users\Admin\Desktop\Project\Albanero-Django\App\views.py changed, reloading.
INFO:root: new Student is created sucessfully...
ERROR:root:Failed to retrieve document
INFO:django.utils.autoreload:C:\Users\Admin\Desktop\Project\Albanero-Django\App\views.py changed, reloading.
INFO:root: new Student is created sucessfully...
INFO:django.utils.autoreload:C:\Users\Admin\Desktop\Project\Albanero-Django\App\models.py changed, reloading.
INFO:root: new Student is created sucessfully...
ERROR:root:Failed to retrieve document
INFO:django.utils.autoreload:C:\Users\Admin\Desktop\Project\Albanero-Django\App\views.py changed, reloading.
INFO:root: new Student is created sucessfully...
INFO:django.utils.autoreload:C:\Users\Admin\Desktop\Project\Albanero-Django\App\views.py changed, reloading.
INFO:root: new Student is created sucessfully...
INFO:django.utils.autoreload:C:\Users\Admin\Desktop\Project\Albanero-Django\App\views.py changed, reloading.
INFO:root: new Student is created sucessfully...
INFO:django.utils.autoreload:C:\Users\Admin\Desktop\Project\Albanero-Django\App\views.py changed, reloading.
INFO:root: new Student is created sucessfully...
ERROR:root:Failed to retrieve document
ERROR:root:Failed to retrieve document
INFO:django.utils.autoreload:C:\Users\Admin\Desktop\Project\Albanero-Django\App\urls.py changed, reloading.
INFO:root: new Student is created sucessfully...
ERROR:root:Failed to retrieve document
INFO:django.utils.autoreload:C:\Users\Admin\Desktop\Project\Albanero-Django\App\views.py changed, reloading.
INFO:root: new Student is created sucessfully...
ERROR:root:Failed to retrieve document
INFO:django.utils.autoreload:C:\Users\Admin\Desktop\Project\Albanero-Django\App\views.py changed, reloading.
INFO:root: new Student is created sucessfully...
INFO:django.utils.autoreload:C:\Users\Admin\Desktop\Project\Albanero-Django\App\views.py changed, reloading.
INFO:root: new Student is created sucessfully...
INFO:django.utils.autoreload:C:\Users\Admin\Desktop\Project\Albanero-Django\App\views.py changed, reloading.
INFO:root: new Student is created sucessfully...
INFO:django.utils.autoreload:C:\Users\Admin\Desktop\Project\Albanero-Django\App\views.py changed, reloading.
INFO:root: new Student is created sucessfully...
INFO:django.utils.autoreload:C:\Users\Admin\Desktop\Project\Albanero-Django\App\views.py changed, reloading.
INFO:root: new Student is created sucessfully...
INFO:django.utils.autoreload:C:\Users\Admin\Desktop\Project\Albanero-Django\App\views.py changed, reloading.
INFO:root: new Student is created sucessfully...
INFO:django.utils.autoreload:C:\Users\Admin\Desktop\Project\Albanero-Django\App\views.py changed, reloading.
INFO:root: new Student is created sucessfully...
ERROR:root:Failed to retrieve document
ERROR:root:Failed to retrieve document
INFO:django.utils.autoreload:C:\Users\Admin\Desktop\Project\Albanero-Django\App\urls.py changed, reloading.
INFO:root: new Student is created sucessfully...
ERROR:root:Failed to retrieve document
INFO:django.utils.autoreload:C:\Users\Admin\Desktop\Project\Albanero-Django\App\views.py changed, reloading.
INFO:root: new Student is created sucessfully...
ERROR:root:Failed to retrieve document
ERROR:root:Failed to retrieve document
INFO:django.utils.autoreload:C:\Users\Admin\Desktop\Project\Albanero-Django\App\views.py changed, reloading.
INFO:root: new Student is created sucessfully...
ERROR:root:Failed to retrieve document
INFO:django.utils.autoreload:C:\Users\Admin\Desktop\Project\Albanero-Django\App\views.py changed, reloading.
INFO:root: new Student is created sucessfully...
INFO:django.utils.autoreload:C:\Users\Admin\Desktop\Project\Albanero-Django\App\views.py changed, reloading.
INFO:root: new Student is created sucessfully...
INFO:django.utils.autoreload:C:\Users\Admin\Desktop\Project\Albanero-Django\App\views.py changed, reloading.
INFO:root: new Student is created sucessfully...
ERROR:root:Failed to retrieve document
INFO:django.utils.autoreload:C:\Users\Admin\Desktop\Project\Albanero-Django\App\views.py changed, reloading.
INFO:root: new Student is created sucessfully...
ERROR:root:Failed to retrieve document
INFO:django.utils.autoreload:C:\Users\Admin\Desktop\Project\Albanero-Django\App\views.py changed, reloading.
INFO:root: new Student is created sucessfully...
INFO:django.utils.autoreload:C:\Users\Admin\Desktop\Project\Albanero-Django\App\views.py changed, reloading.
INFO:root: new Student is created sucessfully...
INFO:django.utils.autoreload:C:\Users\Admin\Desktop\Project\Albanero-Django\App\views.py changed, reloading.
INFO:root: new Student is created sucessfully...
INFO:django.utils.autoreload:C:\Users\Admin\Desktop\Project\Albanero-Django\App\views.py changed, reloading.
INFO:root: new Student is created sucessfully...
INFO:django.utils.autoreload:C:\Users\Admin\Desktop\Project\Albanero-Django\App\views.py changed, reloading.
INFO:root: new Student is created sucessfully...
INFO:django.utils.autoreload:C:\Users\Admin\Desktop\Project\Albanero-Django\App\views.py changed, reloading.
INFO:root: new Student is created sucessfully...
INFO:django.utils.autoreload:C:\Users\Admin\Desktop\Project\Albanero-Django\App\views.py changed, reloading.
INFO:root: new Student is created sucessfully...
INFO:django.utils.autoreload:C:\Users\Admin\Desktop\Project\Albanero-Django\App\views.py changed, reloading.
INFO:root: new Student is created sucessfully...
INFO:django.utils.autoreload:C:\Users\Admin\Desktop\Project\Albanero-Django\App\views.py changed, reloading.
INFO:root: new Student is created sucessfully...
INFO:django.utils.autoreload:C:\Users\Admin\Desktop\Project\Albanero-Django\App\views.py changed, reloading.
INFO:root: new Student is created sucessfully...
INFO:django.utils.autoreload:C:\Users\Admin\Desktop\Project\Albanero-Django\App\views.py changed, reloading.
INFO:root: new Student is created sucessfully...
ERROR:root:Failed to retrieve document
INFO:django.utils.autoreload:C:\Users\Admin\Desktop\Project\Albanero-Django\App\views.py changed, reloading.
INFO:root: new Student is created sucessfully...
INFO:django.utils.autoreload:C:\Users\Admin\Desktop\Project\Albanero-Django\App\views.py changed, reloading.
INFO:root: new Student is created sucessfully...
INFO:django.utils.autoreload:C:\Users\Admin\Desktop\Project\Albanero-Django\App\views.py changed, reloading.
INFO:root: new Student is created sucessfully...
INFO:django.utils.autoreload:C:\Users\Admin\Desktop\Project\Albanero-Django\App\views.py changed, reloading.
INFO:root: new Student is created sucessfully...
INFO:root: new Student is created sucessfully...
INFO:django.utils.autoreload:C:\Users\Admin\Desktop\Project\Albanero-Django\App\views.py changed, reloading.
INFO:root: new Student is created sucessfully...
INFO:root: new Student is created sucessfully...
INFO:django.utils.autoreload:C:\Users\Admin\Desktop\Project\Albanero-Django\App\views.py changed, reloading.
INFO:root: new Student is created sucessfully...
INFO:root: new Student is created sucessfully...
INFO:django.utils.autoreload:C:\Users\Admin\Desktop\Project\Albanero-Django\App\views.py changed, reloading.
INFO:root: new Student is created sucessfully...
INFO:root: new Student is created sucessfully...
INFO:django.utils.autoreload:C:\Users\Admin\Desktop\Project\Albanero-Django\App\views.py changed, reloading.
INFO:root: new Student is created sucessfully...
INFO:django.utils.autoreload:C:\Users\Admin\Desktop\Project\Albanero-Django\App\views.py changed, reloading.
INFO:root: new Student is created sucessfully...
INFO:django.utils.autoreload:C:\Users\Admin\Desktop\Project\Albanero-Django\App\views.py changed, reloading.
